e:\vsrepos\ogl\debug\vc143.pdb
e:\vsrepos\ogl\debug\vc143.idb
e:\vsrepos\ogl\debug\main.obj
e:\vsrepos\ogl\debug\shader.obj
e:\vsrepos\ogl\debug\ogl.pdb
e:\vsrepos\ogl\debug\ogl.tlog\cl.command.1.tlog
e:\vsrepos\ogl\debug\ogl.tlog\cl.read.1.tlog
e:\vsrepos\ogl\debug\ogl.tlog\cl.write.1.tlog
e:\vsrepos\ogl\debug\ogl.tlog\link-cvtres.read.1.tlog
e:\vsrepos\ogl\debug\ogl.tlog\link-cvtres.write.1.tlog
e:\vsrepos\ogl\debug\ogl.tlog\link-rc.read.1.tlog
e:\vsrepos\ogl\debug\ogl.tlog\link-rc.write.1.tlog
e:\vsrepos\ogl\debug\ogl.tlog\link.4808-cvtres.read.1.tlog
e:\vsrepos\ogl\debug\ogl.tlog\link.4808-cvtres.write.1.tlog
e:\vsrepos\ogl\debug\ogl.tlog\link.4808-rc.read.1.tlog
e:\vsrepos\ogl\debug\ogl.tlog\link.4808-rc.write.1.tlog
e:\vsrepos\ogl\debug\ogl.tlog\link.4808.read.1.tlog
e:\vsrepos\ogl\debug\ogl.tlog\link.4808.write.1.tlog
e:\vsrepos\ogl\debug\ogl.tlog\link.command.1.tlog
e:\vsrepos\ogl\debug\ogl.tlog\link.read.1.tlog
e:\vsrepos\ogl\debug\ogl.tlog\link.write.1.tlog
